#
# There is insufficient memory for the Java Runtime Environment to continue.
# Native memory allocation (malloc) failed to allocate 1048576 bytes for AllocateHeap
# Possible reasons:
#   The system is out of physical RAM or swap space
#   The process is running with CompressedOops enabled, and the Java Heap may be blocking the growth of the native heap
# Possible solutions:
#   Reduce memory load on the system
#   Increase physical memory or swap space
#   Check if swap backing store is full
#   Decrease Java heap size (-Xmx/-Xms)
#   Decrease number of Java threads
#   Decrease Java thread stack sizes (-Xss)
#   Set larger code cache with -XX:ReservedCodeCacheSize=
#   JVM is running with Unscaled Compressed Oops mode in which the Java heap is
#     placed in the first 4GB address space. The Java Heap base address is the
#     maximum limit for the native heap growth. Please use -XX:HeapBaseMinAddress
#     to set the Java Heap base and to place the Java Heap above 4GB virtual address.
# This output file may be truncated or incomplete.
#
#  Out of Memory Error (allocation.cpp:44), pid=10888, tid=12600
#
# JRE version:  (18.0.2+9) (build )
# Java VM: Java HotSpot(TM) 64-Bit Server VM (18.0.2+9-61, mixed mode, sharing, tiered, compressed oops, compressed class ptrs, g1 gc, windows-amd64)
# No core dump will be written. Minidumps are not enabled by default on client versions of Windows
#

---------------  S U M M A R Y ------------

Command Line: 

Host: AMD Athlon Gold 3150U with Radeon Graphics     , 4 cores, 3G,  Windows 11 , 64 bit Build 22621 (10.0.22621.2506)
Time: Mon Dec 11 23:57:01 2023 India Standard Time elapsed time: 0.118468 seconds (0d 0h 0m 0s)

---------------  T H R E A D  ---------------

Current thread (0x000002119b43dfe0):  JavaThread "Unknown thread" [_thread_in_vm, id=12600, stack(0x00000013f1500000,0x00000013f1600000)]

Stack: [0x00000013f1500000,0x00000013f1600000]
Native frames: (J=compiled Java code, j=interpreted, Vv=VM code, C=native code)
V  [jvm.dll+0x6993ca]
V  [jvm.dll+0x7f481d]
V  [jvm.dll+0x7f612e]
V  [jvm.dll+0x7f67e3]
V  [jvm.dll+0x25cdaf]
V  [jvm.dll+0xb31af]
V  [jvm.dll+0x2f7e19]
V  [jvm.dll+0x7c341b]
V  [jvm.dll+0x38be61]
V  [jvm.dll+0x7a2073]
V  [jvm.dll+0x40dc3f]
V  [jvm.dll+0x40f611]
C  [jli.dll+0x526b]
C  [ucrtbase.dll+0x29363]
C  [KERNEL32.DLL+0x1257d]
C  [ntdll.dll+0x5aa58]


---------------  P R O C E S S  ---------------

Threads class SMR info:
_java_thread_list=0x00007ffe9a0be550, length=0, elements={
}

Java Threads: ( => current thread )

Other Threads:

=>0x000002119b43dfe0 (exited) JavaThread "Unknown thread" [_thread_in_vm, id=12600, stack(0x00000013f1500000,0x00000013f1600000)]

Threads with active compile tasks:

VM state: not at safepoint (not fully initialized)

VM Mutex/Monitor currently owned by a thread: None

Heap address: 0x0000000000000000, size: 0 MB, Compressed Oops mode: 32-bit

CDS archive(s) mapped at: [0x0000000000000000-0x0000000000000000-0x0000000000000000), size 0, SharedBaseAddress: 0x0000000800000000, ArchiveRelocationMode: 0.
Narrow klass base: 0x0000000000000000, Narrow klass shift: 0, Narrow klass range: 0x0

GC Precious Log:
 CardTable entry size: 512
 Card Set container configuration: InlinePtr #cards 5 size 8 Array Of Cards #cards 12 size 40 Howl #buckets 4 coarsen threshold 1843 Howl Bitmap #cards 512 size 80 coarsen threshold 460 Card regions per heap region 1 cards per card region 2048

GC Heap History (0 events):
No events

Deoptimization events (0 events):
No events

Classes loaded (0 events):
No events

Classes unloaded (0 events):
No events

Classes redefined (0 events):
No events

Internal exceptions (0 events):
No events

VM Operations (0 events):
No events

Events (1 events):
Event: 0.076 Loaded shared library C:\Program Files\Java\jdk-18.0.2\bin\java.dll


Dynamic libraries:
0x00007ff7e7f70000 - 0x00007ff7e7f80000 	C:\Program Files\Java\jdk-18.0.2\bin\java.exe
0x00007fff0e690000 - 0x00007fff0e8a7000 	C:\WINDOWS\SYSTEM32\ntdll.dll
0x00007fff0cf70000 - 0x00007fff0d034000 	C:\WINDOWS\System32\KERNEL32.DLL
0x00007fff0bdb0000 - 0x00007fff0c155000 	C:\WINDOWS\System32\KERNELBASE.dll
0x00007fff0c250000 - 0x00007fff0c361000 	C:\WINDOWS\System32\ucrtbase.dll
0x00007ffefd000000 - 0x00007ffefd018000 	C:\Program Files\Java\jdk-18.0.2\bin\jli.dll
0x00007fff0cea0000 - 0x00007fff0cf51000 	C:\WINDOWS\System32\ADVAPI32.dll
0x00007fff0e5a0000 - 0x00007fff0e647000 	C:\WINDOWS\System32\msvcrt.dll
0x00007fff0c810000 - 0x00007fff0c8b6000 	C:\WINDOWS\System32\sechost.dll
0x00007fff0cc50000 - 0x00007fff0cd67000 	C:\WINDOWS\System32\RPCRT4.dll
0x00007fff0e3f0000 - 0x00007fff0e59e000 	C:\WINDOWS\System32\USER32.dll
0x00007fff0c160000 - 0x00007fff0c186000 	C:\WINDOWS\System32\win32u.dll
0x00007fff0cd90000 - 0x00007fff0cdb9000 	C:\WINDOWS\System32\GDI32.dll
0x00007fff0bc90000 - 0x00007fff0bda9000 	C:\WINDOWS\System32\gdi32full.dll
0x00007fff0bbf0000 - 0x00007fff0bc8a000 	C:\WINDOWS\System32\msvcp_win.dll
0x00007ffefc630000 - 0x00007ffefc64a000 	C:\Program Files\Java\jdk-18.0.2\bin\VCRUNTIME140.dll
0x00007ffef3fc0000 - 0x00007ffef4253000 	C:\WINDOWS\WinSxS\amd64_microsoft.windows.common-controls_6595b64144ccf1df_6.0.22621.2506_none_270c5ae97388e100\COMCTL32.dll
0x00007fff038a0000 - 0x00007fff038aa000 	C:\WINDOWS\SYSTEM32\VERSION.dll
0x00007fff0db50000 - 0x00007fff0db81000 	C:\WINDOWS\System32\IMM32.DLL
0x00007ffefcce0000 - 0x00007ffefccec000 	C:\Program Files\Java\jdk-18.0.2\bin\vcruntime140_1.dll
0x00007ffeedff0000 - 0x00007ffeee07d000 	C:\Program Files\Java\jdk-18.0.2\bin\msvcp140.dll
0x00007ffe995e0000 - 0x00007ffe9a1f1000 	C:\Program Files\Java\jdk-18.0.2\bin\server\jvm.dll
0x00007fff0c3f0000 - 0x00007fff0c3f8000 	C:\WINDOWS\System32\PSAPI.DLL
0x00007ffeeb9b0000 - 0x00007ffeeb9b9000 	C:\WINDOWS\SYSTEM32\WSOCK32.dll
0x00007fff0d7f0000 - 0x00007fff0d861000 	C:\WINDOWS\System32\WS2_32.dll
0x00007fff03c80000 - 0x00007fff03cb4000 	C:\WINDOWS\SYSTEM32\WINMM.dll
0x00007fff0a9d0000 - 0x00007fff0a9e8000 	C:\WINDOWS\SYSTEM32\kernel.appcore.dll
0x00007ffefc620000 - 0x00007ffefc62a000 	C:\Program Files\Java\jdk-18.0.2\bin\jimage.dll
0x00007fff00540000 - 0x00007fff00773000 	C:\WINDOWS\SYSTEM32\DBGHELP.DLL
0x00007fff0c400000 - 0x00007fff0c789000 	C:\WINDOWS\System32\combase.dll
0x00007fff0cdc0000 - 0x00007fff0ce97000 	C:\WINDOWS\System32\OLEAUT32.dll
0x00007ffef9030000 - 0x00007ffef9062000 	C:\WINDOWS\SYSTEM32\dbgcore.DLL
0x00007fff0bb70000 - 0x00007fff0bbea000 	C:\WINDOWS\System32\bcryptPrimitives.dll
0x00007ffefc5f0000 - 0x00007ffefc615000 	C:\Program Files\Java\jdk-18.0.2\bin\java.dll

dbghelp: loaded successfully - version: 4.0.5 - missing functions: none
symbol engine: initialized successfully - sym options: 0x614 - pdb path: .;C:\Program Files\Java\jdk-18.0.2\bin;C:\WINDOWS\SYSTEM32;C:\WINDOWS\WinSxS\amd64_microsoft.windows.common-controls_6595b64144ccf1df_6.0.22621.2506_none_270c5ae97388e100;C:\Program Files\Java\jdk-18.0.2\bin\server

VM Arguments:
java_command: <unknown>
java_class_path (initial): <not set>
Launcher Type: SUN_STANDARD

[Global flags]
     intx CICompilerCount                          = 3                                         {product} {ergonomic}
     uint ConcGCThreads                            = 1                                         {product} {ergonomic}
     uint G1ConcRefinementThreads                  = 4                                         {product} {ergonomic}
   size_t G1HeapRegionSize                         = 1048576                                   {product} {ergonomic}
    uintx GCDrainStackTargetSize                   = 64                                        {product} {ergonomic}
   size_t InitialHeapSize                          = 58720256                                  {product} {ergonomic}
   size_t MarkStackSize                            = 4194304                                   {product} {ergonomic}
   size_t MaxHeapSize                              = 910163968                                 {product} {ergonomic}
   size_t MinHeapDeltaBytes                        = 1048576                                   {product} {ergonomic}
   size_t MinHeapSize                              = 8388608                                   {product} {ergonomic}
    uintx NonNMethodCodeHeapSize                   = 5832780                                {pd product} {ergonomic}
    uintx NonProfiledCodeHeapSize                  = 122912730                              {pd product} {ergonomic}
    uintx ProfiledCodeHeapSize                     = 122912730                              {pd product} {ergonomic}
    uintx ReservedCodeCacheSize                    = 251658240                              {pd product} {ergonomic}
     bool SegmentedCodeCache                       = true                                      {product} {ergonomic}
   size_t SoftMaxHeapSize                          = 910163968                              {manageable} {ergonomic}
     bool UseCompressedClassPointers               = true                           {product lp64_product} {ergonomic}
     bool UseCompressedOops                        = true                           {product lp64_product} {ergonomic}
     bool UseG1GC                                  = true                                      {product} {ergonomic}
     bool UseLargePagesIndividualAllocation        = false                                  {pd product} {ergonomic}

Logging:
Log output configuration:
 #0: stdout all=warning uptime,level,tags foldmultilines=false
 #1: stderr all=off uptime,level,tags foldmultilines=false

Environment Variables:
PATH=C:\Program Files\Common Files\Oracle\Java\javapath;C:\Program Files\Common Files\Oracle\Java\javapath;C:\WINDOWS\system32;C:\WINDOWS;C:\WINDOWS\System32\Wbem;C:\WINDOWS\System32\WindowsPowerShell\v1.0\;C:\WINDOWS\System32\OpenSSH\;C:\Program Files\dotnet\;C:\Program Files\Git\cmd;C:\Users\mohan\AppData\Local\Programs\Python\Python37\Scripts\;C:\Users\mohan\AppData\Local\Programs\Python\Python37\;C:\Users\mohan\AppData\Local\Microsoft\WindowsApps;C:\Users\mohan\AppData\Local\Programs\Microsoft VS Code\bin;C:\Program Files\JetBrains\PyCharm Community Edition 2021.3.2\bin;;C:\Users\mohan\mongosh-1.8.2-win32-x64\mongosh-1.8.2-win32-x64\bin;C:\Program Files\MongoDB\Server\6.0\bin;C:\Users\mohan\flutter_windows_3.3.8-stable\flutter\bin;;C:\Users\mohan\flutter_windows_3.3.8-stable\flutter\bin\mingit\cmd;C:\Users\mohan\flutter_windows_3.3.8-stable\flutter\bin\mingit\cmd
USERNAME=mohan
OS=Windows_NT
PROCESSOR_IDENTIFIER=AMD64 Family 23 Model 24 Stepping 1, AuthenticAMD



---------------  S Y S T E M  ---------------

OS:
 Windows 11 , 64 bit Build 22621 (10.0.22621.2506)
OS uptime: 0 days 1:34 hours
Hyper-V role detected

CPU: total 4 (initial active 4) (4 cores per cpu, 2 threads per core) family 23 model 24 stepping 1 microcode 0x0, cx8, cmov, fxsr, ht, mmx, 3dnowpref, sse, sse2, sse3, ssse3, sse4a, sse4.1, sse4.2, popcnt, lzcnt, tsc, tscinvbit, avx, avx2, aes, clmul, bmi1, bmi2, adx, sha, fma, vzeroupper, clflush, clflushopt, hv

Memory: 4k page, system-wide physical 3470M (206M free)
TotalPageFile size 8334M (AvailPageFile size 0M)
current process WorkingSet (physical memory assigned to process): 10M, peak: 10M
current process commit charge ("private bytes"): 14M, peak: 15M

vm_info: Java HotSpot(TM) 64-Bit Server VM (18.0.2+9-61) for windows-amd64 JRE (18.0.2+9-61), built on Jun  7 2022 13:09:01 by "mach5one" with MS VC++ 16.8 / 16.9 (VS2019)

END.
